<?xml version="1.0" encoding="UTF-8"?>
<!-- Generated by org.testng.reporters.JUnitXMLReporter -->
<testsuite hostname="AnjeliVinod-PC" name="Default test" tests="7" failures="0" timestamp="12 Aug 2015 18:38:13 GMT" time="37.045" errors="0">
  <testcase name="getIMDbTest" time="6.751" classname="com.fyber.imdb.testClasses.ImdbTest"/>
  <testcase name="Test1" time="25.549" classname="com.fyber.imdb.testClasses.ImdbTest"/>
  <testcase name="Test2" time="0.321" classname="com.fyber.imdb.testClasses.ImdbTest"/>
  <testcase name="Test3" time="0.76" classname="com.fyber.imdb.testClasses.ImdbTest"/>
  <testcase name="Test4" time="0.993" classname="com.fyber.imdb.testClasses.ImdbTest"/>
  <testcase name="Test5" time="0.427" classname="com.fyber.imdb.testClasses.ImdbTest"/>
  <testcase name="Test6" time="0.095" classname="com.fyber.imdb.testClasses.ImdbTest"/>
</testsuite> <!-- Default test -->
