<?xml version="1.0" encoding="UTF-8"?>
<!-- Generated by org.testng.reporters.JUnitXMLReporter -->
<testsuite hostname="AnjeliVinod-PC" name="SanityTest" tests="7" failures="0" timestamp="16 Aug 2015 18:01:04 GMT" time="46.702" errors="0">
  <testcase name="getIMDbTest" time="18.149" classname="com.fyber.imdb.testClasses.ImdbTest"/>
  <testcase name="Test1" time="24.672" classname="com.fyber.imdb.testClasses.ImdbTest"/>
  <testcase name="Test2" time="0.166" classname="com.fyber.imdb.testClasses.ImdbTest"/>
  <testcase name="Test3" time="0.656" classname="com.fyber.imdb.testClasses.ImdbTest"/>
  <testcase name="Test4" time="0.701" classname="com.fyber.imdb.testClasses.ImdbTest"/>
  <testcase name="Test5" time="0.46" classname="com.fyber.imdb.testClasses.ImdbTest"/>
  <testcase name="Test6" time="0.099" classname="com.fyber.imdb.testClasses.ImdbTest"/>
</testsuite> <!-- SanityTest -->
